<?xml version="1.0" encoding="UTF-8"?>
<testng-results ignored="0" total="1" passed="1" failed="0" skipped="0">
  <reporter-output>
  </reporter-output>
  <suite started-at="2022-01-24T17:01:26 IST" name="Default suite" finished-at="2022-01-24T17:01:47 IST" duration-ms="21270">
    <groups>
    </groups>
    <test started-at="2022-01-24T17:01:26 IST" name="Default test" finished-at="2022-01-24T17:01:47 IST" duration-ms="21270">
      <class name="com.ijmeet.homepage.JoinMeeting">
        <test-method is-config="true" signature="setUp()[pri:0, instance:com.ijmeet.homepage.JoinMeeting@5d0a1059]" started-at="2022-01-24T17:01:26 IST" name="setUp" finished-at="2022-01-24T17:01:44 IST" duration-ms="18245" status="PASS">
          <reporter-output>
          </reporter-output>
        </test-method> <!-- setUp -->
        <test-method signature="verifyOnClickOnJoinMeetingUserLandsOnQuickJoinMeeting()[pri:0, instance:com.ijmeet.homepage.JoinMeeting@5d0a1059]" started-at="2022-01-24T17:01:44 IST" name="verifyOnClickOnJoinMeetingUserLandsOnQuickJoinMeeting" finished-at="2022-01-24T17:01:46 IST" duration-ms="2374" status="PASS">
          <reporter-output>
          </reporter-output>
        </test-method> <!-- verifyOnClickOnJoinMeetingUserLandsOnQuickJoinMeeting -->
        <test-method is-config="true" signature="tearDown()[pri:0, instance:com.ijmeet.homepage.JoinMeeting@5d0a1059]" started-at="2022-01-24T17:01:46 IST" name="tearDown" finished-at="2022-01-24T17:01:47 IST" duration-ms="575" status="PASS">
          <reporter-output>
          </reporter-output>
        </test-method> <!-- tearDown -->
      </class> <!-- com.ijmeet.homepage.JoinMeeting -->
    </test> <!-- Default test -->
  </suite> <!-- Default suite -->
</testng-results>
